c:\workshop\allan\hae_gp2\visual studio\cours 7\consoleapplication1\x64\debug\vc142.pdb
c:\workshop\allan\hae_gp2\visual studio\cours 7\consoleapplication1\x64\debug\vc142.idb
c:\workshop\allan\hae_gp2\visual studio\cours 7\consoleapplication1\x64\debug\imgui_widgets.obj
c:\workshop\allan\hae_gp2\visual studio\cours 7\consoleapplication1\x64\debug\imgui_tables.obj
c:\workshop\allan\hae_gp2\visual studio\cours 7\consoleapplication1\x64\debug\imgui_draw.obj
c:\workshop\allan\hae_gp2\visual studio\cours 7\consoleapplication1\x64\debug\imgui_demo.obj
c:\workshop\allan\hae_gp2\visual studio\cours 7\consoleapplication1\x64\debug\imgui.obj
c:\workshop\allan\hae_gp2\visual studio\cours 7\consoleapplication1\x64\debug\imgui-sfml.obj
c:\workshop\allan\hae_gp2\visual studio\cours 7\consoleapplication1\x64\debug\consoleapplication1.obj
c:\workshop\allan\hae_gp2\visual studio\cours 7\consoleapplication1\x64\debug\entity.obj
c:\workshop\allan\hae_gp2\visual studio\cours 7\consoleapplication1\x64\debug\consoleapplication1.exe
c:\workshop\allan\hae_gp2\visual studio\cours 7\consoleapplication1\x64\debug\consoleapplication1.ilk
c:\workshop\allan\hae_gp2\visual studio\cours 7\consoleapplication1\x64\debug\consoleapplication1.pdb
c:\users\couet\onedrive\bureau\allan\hae_gp2\visual studio\cours 7\consoleapplication1\x64\debug\consoleapplication1.obj
c:\users\couet\onedrive\bureau\allan\hae_gp2\visual studio\cours 7\consoleapplication1\x64\debug\entity.obj
c:\users\couet\onedrive\bureau\allan\hae_gp2\visual studio\cours 7\consoleapplication1\x64\debug\imgui-sfml.obj
c:\users\couet\onedrive\bureau\allan\hae_gp2\visual studio\cours 7\consoleapplication1\x64\debug\imgui.obj
c:\users\couet\onedrive\bureau\allan\hae_gp2\visual studio\cours 7\consoleapplication1\x64\debug\imgui_demo.obj
c:\users\couet\onedrive\bureau\allan\hae_gp2\visual studio\cours 7\consoleapplication1\x64\debug\imgui_draw.obj
c:\users\couet\onedrive\bureau\allan\hae_gp2\visual studio\cours 7\consoleapplication1\x64\debug\imgui_tables.obj
c:\users\couet\onedrive\bureau\allan\hae_gp2\visual studio\cours 7\consoleapplication1\x64\debug\imgui_widgets.obj
c:\users\couet\onedrive\bureau\allan\hae_gp2\visual studio\cours 7\consoleapplication1\x64\debug\turtle.obj
c:\users\couet\onedrive\bureau\allan\hae_gp2\visual studio\cours 7\consoleapplication1\x64\debug\consoleapplication1.ilk
c:\users\couet\onedrive\bureau\allan\hae_gp2\visual studio\cours 7\consoleapplication1\x64\debug\vc141.idb
c:\users\couet\onedrive\bureau\allan\hae_gp2\visual studio\cours 7\consoleapplication1\x64\debug\vc142.idb
c:\users\couet\onedrive\bureau\allan\hae_gp2\visual studio\cours 7\consoleapplication1\x64\debug\consoleapplication1.pdb
c:\users\couet\onedrive\bureau\allan\hae_gp2\visual studio\cours 7\consoleapplication1\x64\debug\vc141.pdb
c:\users\couet\onedrive\bureau\allan\hae_gp2\visual studio\cours 7\consoleapplication1\x64\debug\vc142.pdb
c:\users\couet\onedrive\bureau\allan\hae_gp2\visual studio\cours 7\consoleapplication1\x64\debug\consoleapplication1.exe
c:\users\couet\onedrive\bureau\allan\hae_gp2\visual studio\cours 7\consoleapplication1\x64\debug\consolea.0e6673ff.tlog\cl.command.1.tlog
c:\users\couet\onedrive\bureau\allan\hae_gp2\visual studio\cours 7\consoleapplication1\x64\debug\consolea.0e6673ff.tlog\cl.read.1.tlog
c:\users\couet\onedrive\bureau\allan\hae_gp2\visual studio\cours 7\consoleapplication1\x64\debug\consolea.0e6673ff.tlog\cl.write.1.tlog
c:\users\couet\onedrive\bureau\allan\hae_gp2\visual studio\cours 7\consoleapplication1\x64\debug\consolea.0e6673ff.tlog\link.command.1.tlog
c:\users\couet\onedrive\bureau\allan\hae_gp2\visual studio\cours 7\consoleapplication1\x64\debug\consolea.0e6673ff.tlog\link.read.1.tlog
c:\users\couet\onedrive\bureau\allan\hae_gp2\visual studio\cours 7\consoleapplication1\x64\debug\consolea.0e6673ff.tlog\link.write.1.tlog
