  ConsoleApplication1.cpp
c:\workspace\allan\hae_gp2\visual studio\cours 4\cours 4 2017\consoleapplication1\consoleapplication1\projectile.hpp(19): warning C4244: 'initialisation' : conversion de 'float' en 'int', perte possible de données
c:\workspace\allan\hae_gp2\visual studio\cours 4\cours 4 2017\consoleapplication1\consoleapplication1\projectile.hpp(35): warning C4244: 'initialisation' : conversion de 'double' en 'float', perte possible de données
c:\workspace\allan\hae_gp2\visual studio\cours 4\cours 4 2017\consoleapplication1\consoleapplication1\projectile.hpp(37): warning C4244: 'argument' : conversion de 'float' en 'T', perte possible de données
          with
          [
              T=int
          ]
c:\workspace\allan\hae_gp2\visual studio\cours 4\cours 4 2017\consoleapplication1\consoleapplication1\consoleapplication1.cpp(13): warning C4244: '+=' : conversion de 'double' en 'float', perte possible de données
c:\workspace\allan\hae_gp2\visual studio\cours 4\cours 4 2017\consoleapplication1\consoleapplication1\consoleapplication1.cpp(16): warning C4244: 'return' : conversion de 'double' en 'float', perte possible de données
c:\workspace\allan\hae_gp2\visual studio\cours 4\cours 4 2017\consoleapplication1\consoleapplication1\consoleapplication1.cpp(81): warning C4244: 'argument' : conversion de 'T' en 'T', perte possible de données
          with
          [
              T=unsigned int
          ]
          and
          [
              T=float
          ]
c:\workspace\allan\hae_gp2\visual studio\cours 4\cours 4 2017\consoleapplication1\consoleapplication1\consoleapplication1.cpp(100): warning C4244: 'initialisation' : conversion de 'T' en 'float', perte possible de données
          with
          [
              T=unsigned int
          ]
c:\workspace\allan\hae_gp2\visual studio\cours 4\cours 4 2017\consoleapplication1\consoleapplication1\consoleapplication1.cpp(101): warning C4244: 'initialisation' : conversion de 'T' en 'float', perte possible de données
          with
          [
              T=unsigned int
          ]
c:\workspace\allan\hae_gp2\visual studio\cours 4\cours 4 2017\consoleapplication1\consoleapplication1\consoleapplication1.cpp(130): warning C4244: 'argument' : conversion de 'T' en 'float', perte possible de données
          with
          [
              T=int
          ]
c:\workspace\allan\hae_gp2\visual studio\cours 4\cours 4 2017\consoleapplication1\consoleapplication1\consoleapplication1.cpp(135): warning C4244: 'argument' : conversion de 'float' en 'T', perte possible de données
          with
          [
              T=int
          ]
c:\workspace\allan\hae_gp2\visual studio\cours 4\cours 4 2017\consoleapplication1\consoleapplication1\consoleapplication1.cpp(186): warning C4244: '=' : conversion de 'double' en 'float', perte possible de données
c:\workspace\allan\hae_gp2\visual studio\cours 4\cours 4 2017\consoleapplication1\consoleapplication1\consoleapplication1.cpp(191): warning C4244: 'argument' : conversion de 'T' en 'float', perte possible de données
          with
          [
              T=int
          ]
c:\workspace\allan\hae_gp2\visual studio\cours 4\cours 4 2017\consoleapplication1\consoleapplication1\consoleapplication1.cpp(132): warning C4930: 'Projectile projectiles(void)' : fonction prototypée non appelée (était-ce la définition de variable souhaitée ?)
  ConsoleApplication1.vcxproj -> C:\WorkSpace\Allan\hae_gp2\Visual Studio\Cours 4\Cours 4 2017\ConsoleApplication1\x64\Debug\ConsoleApplication1.exe
