  World.cpp
c:\users\couet\onedrive\bureau\allan\hae_gp2\visual studio\cours 8\consoleapplication1\entity.hpp(116): warning C4244: '=' : conversion de 'float' en 'int', perte possible de données
c:\users\couet\onedrive\bureau\allan\hae_gp2\visual studio\cours 8\consoleapplication1\entity.hpp(117): warning C4244: '=' : conversion de 'float' en 'int', perte possible de données
c:\users\couet\onedrive\bureau\allan\hae_gp2\visual studio\cours 8\consoleapplication1\world.cpp(24): warning C4244: 'argument' : conversion de 'int' en 'float', perte possible de données
c:\users\couet\onedrive\bureau\allan\hae_gp2\visual studio\cours 8\consoleapplication1\world.cpp(32): warning C4244: 'argument' : conversion de 'double' en 'float', perte possible de données
c:\users\couet\onedrive\bureau\allan\hae_gp2\visual studio\cours 8\consoleapplication1\world.cpp(47): warning C4244: '=' : conversion de 'double' en 'T', perte possible de données
          with
          [
              T=float
          ]
c:\users\couet\onedrive\bureau\allan\hae_gp2\visual studio\cours 8\consoleapplication1\world.cpp(48): warning C4244: '=' : conversion de 'double' en 'T', perte possible de données
          with
          [
              T=float
          ]
c:\users\couet\onedrive\bureau\allan\hae_gp2\visual studio\cours 8\consoleapplication1\world.cpp(50): warning C4244: '=' : conversion de 'double' en 'T', perte possible de données
          with
          [
              T=float
          ]
c:\users\couet\onedrive\bureau\allan\hae_gp2\visual studio\cours 8\consoleapplication1\world.cpp(51): warning C4244: '=' : conversion de 'double' en 'T', perte possible de données
          with
          [
              T=float
          ]
c:\users\couet\onedrive\bureau\allan\hae_gp2\visual studio\cours 8\consoleapplication1\world.cpp(64): warning C4244: '=' : conversion de 'double' en 'T', perte possible de données
          with
          [
              T=float
          ]
c:\users\couet\onedrive\bureau\allan\hae_gp2\visual studio\cours 8\consoleapplication1\world.cpp(65): warning C4244: '=' : conversion de 'double' en 'T', perte possible de données
          with
          [
              T=float
          ]
c:\users\couet\onedrive\bureau\allan\hae_gp2\visual studio\cours 8\consoleapplication1\world.cpp(117): warning C4244: 'return' : conversion de 'double' en 'float', perte possible de données
  ConsoleApplication1.vcxproj -> C:\Users\couet\OneDrive\Bureau\Allan\hae_gp2\Visual Studio\cours 8\ConsoleApplication1\x64\Debug\ConsoleApplication1.exe
